<?xml version="1.0" encoding="UTF-8"?>
<testng-results ignored="0" total="2" passed="2" failed="0" skipped="0">
  <reporter-output>
  </reporter-output>
  <suite started-at="2023-09-19T11:26:40 IST" name="Default suite" finished-at="2023-09-19T11:27:02 IST" duration-ms="21751">
    <groups>
      <group name="cucumber">
        <method signature="AbstractTestNGCucumberTests.runScenario(io.cucumber.testng.PickleWrapper,io.cucumber.testng.FeatureWrapper)[pri:0, instance:cucumberOptions.TestNGRunner@5b94b04d]" name="runScenario" class="io.cucumber.testng.AbstractTestNGCucumberTests"/>
      </group> <!-- cucumber -->
    </groups>
    <test started-at="2023-09-19T11:26:40 IST" name="Default test" finished-at="2023-09-19T11:27:02 IST" duration-ms="21751">
      <class name="cucumberOptions.TestNGRunner">
        <test-method is-config="true" signature="setUpClass(org.testng.ITestContext)[pri:0, instance:cucumberOptions.TestNGRunner@5b94b04d]" started-at="2023-09-19T11:26:40 IST" name="setUpClass" finished-at="2023-09-19T11:26:40 IST" duration-ms="437" status="PASS">
          <params>
            <param index="0">
              <value>
                <![CDATA[org.testng.TestRunner@72c9ebfa]]>
              </value>
            </param>
          </params>
          <reporter-output>
          </reporter-output>
        </test-method> <!-- setUpClass -->
        <test-method signature="runCucumber()[pri:0, instance:cucumberOptions.TestNGRunner@5b94b04d]" started-at="2023-09-19T11:26:40 IST" name="runCucumber" finished-at="2023-09-19T11:26:40 IST" duration-ms="5" status="PASS">
          <reporter-output>
          </reporter-output>
        </test-method> <!-- runCucumber -->
        <test-method signature="runScenario(io.cucumber.testng.PickleWrapper,io.cucumber.testng.FeatureWrapper)[pri:0, instance:cucumberOptions.TestNGRunner@5b94b04d]" started-at="2023-09-19T11:26:41 IST" name="runScenario" description="Runs Cucumber Scenarios" data-provider="scenarios" finished-at="2023-09-19T11:27:02 IST" duration-ms="21167" status="PASS">
          <params>
            <param index="0">
              <value>
                <![CDATA["Check if user is able to add mulitple items to the cart and place the order"]]>
              </value>
            </param>
            <param index="1">
              <value>
                <![CDATA["Add item multiple times and checkout the shopping"]]>
              </value>
            </param>
          </params>
          <reporter-output>
          </reporter-output>
        </test-method> <!-- runScenario -->
        <test-method is-config="true" signature="tearDownClass()[pri:0, instance:cucumberOptions.TestNGRunner@5b94b04d]" started-at="2023-09-19T11:27:02 IST" name="tearDownClass" finished-at="2023-09-19T11:27:02 IST" duration-ms="63" status="PASS">
          <reporter-output>
          </reporter-output>
        </test-method> <!-- tearDownClass -->
      </class> <!-- cucumberOptions.TestNGRunner -->
    </test> <!-- Default test -->
  </suite> <!-- Default suite -->
</testng-results>
