<?xml version="1.0" encoding="UTF-8"?>
<!-- Generated by org.testng.reporters.JUnitReportReporter -->
<testsuite hostname="sushil" failures="1" tests="1" name="cucumberOptions.Failed_Scenarios" time="13.331" errors="0" timestamp="2023-08-14T10:58:28 IST" skipped="0">
  <testcase classname="cucumberOptions.Failed_Scenarios" name="runScenario" time="13.331">
    <failure message="expected [Beetroot] but found [No data]" type="java.lang.AssertionError">
      <![CDATA[java.lang.AssertionError: expected [Beetroot] but found [No data]
at org.testng.Assert.fail(Assert.java:110)
at org.testng.Assert.failNotEquals(Assert.java:1577)
at org.testng.Assert.assertEqualsImpl(Assert.java:149)
at org.testng.Assert.assertEquals(Assert.java:131)
at org.testng.Assert.assertEquals(Assert.java:655)
at org.testng.Assert.assertEquals(Assert.java:665)
at stepDefinitions.OffersPageStepDefinition.user_compare_the_product_name_from_offer_page_with_landing_page_product_name(OffersPageStepDefinition.java:44)
at ✽.User compare the product name from offer page with landing page product name(file:///C:/Users/sushi/eclipse-workspace/Automation/src/test/java/features/searchProduct.feature:8)
]]>
    </failure>
  </testcase> <!-- runScenario -->
  <system-out/>
</testsuite> <!-- cucumberOptions.Failed_Scenarios -->
